<?xml version="1.0" encoding="UTF-8"?>
<testsuite xmlns:xsi="http://www.w3.org/2001/XMLSchema-instance" xsi:noNamespaceSchemaLocation="https://maven.apache.org/surefire/maven-surefire-plugin/xsd/surefire-test-report.xsd" name="TestSuite" time="431.074" tests="58" errors="0" skipped="45" failures="4">
  <properties>
[...]
</properties>
  <testcase name="UserCanUseContactUs" classname="Tests.ContactUsTest" time="5.612"/>
  <testcase name="userCanChangeCurrency" classname="Tests.changeCurrencyTest" time="6.719"/>
  <testcase name="userCanSearchForProdct" classname="Tests.changeCurrencyTest" time="12.329"/>
  <testcase name="userCanSlectSubCategoryFromManiMenu" classname="Tests.productHoverMenuTest" time="3.944"/>
  <testcase name="userCanSearchForProdct" classname="Tests.searchProductTest" time="5.598"/>
  <testcase name="userCanSearchWithAutoSuggest" classname="Tests.serchForProductUsingAutoCompleteTest" time="4.37"/>
  <testcase name="userCanSearchForProdct" classname="Tests.AddProductToShoopingCart" time="4.478"/>
  <testcase name="UserCanRegisterSuccessfully" classname="Tests.UserRegisterTest" time="125.601">
    <failure message="no such element: Unable to locate element: {&quot;method&quot;:&quot;css selector&quot;,&quot;selector&quot;:&quot;div.result&quot;}&#10;  (Session info: chrome=70.0.3538.110)&#10;  (Driver info: chromedriver=2.43.600210 (68dcf5eebde37173d4027fa8635e332711d2874a),platform=Windows NT 10.0.17134 x86_64) (WARNING: The server did not provide any stacktrace information)&#10;Command duration or timeout: 0 milliseconds&#10;For documentation on this error, please visit: http://seleniumhq.org/exceptions/no_such_element.html&#10;Build info: version: &apos;3.8.1&apos;, revision: &apos;6e95a6684b&apos;, time: &apos;2017-12-01T18:33:54.468Z&apos;&#10;System info: host: &apos;OYEHIA&apos;, ip: &apos;222.222.100.238&apos;, os.name: &apos;Windows 10&apos;, os.arch: &apos;amd64&apos;, os.version: &apos;10.0&apos;, java.version: &apos;1.8.0_77&apos;&#10;Driver info: org.openqa.selenium.chrome.ChromeDriver&#10;Capabilities {acceptInsecureCerts: false, acceptSslCerts: false, applicationCacheEnabled: false, browserConnectionEnabled: false, browserName: chrome, chrome: {chromedriverVersion: 2.43.600210 (68dcf5eebde371..., userDataDir: C:\Users\oyehia\AppData\Loc...}, cssSelectorsEnabled: true, databaseEnabled: false, goog:chromeOptions: {debuggerAddress: localhost:51924}, handlesAlerts: true, hasTouchScreen: false, javascriptEnabled: true, locationContextEnabled: true, mobileEmulationEnabled: false, nativeEvents: true, networkConnectionEnabled: false, pageLoadStrategy: normal, platform: XP, platformName: XP, rotatable: false, setWindowRect: true, takesHeapSnapshot: true, takesScreenshot: true, unexpectedAlertBehaviour: , unhandledPromptBehavior: , version: 70.0.3538.110, webStorageEnabled: true}&#10;Session ID: aa0b22ac3022b8af97894e1a6504d46c&#10;*** Element info: {Using=css selector, value=div.result}" type="org.openqa.selenium.NoSuchElementException">org.openqa.selenium.NoSuchElementException: 
no such element: Unable to locate element: {"method":"css selector","selector":"div.result"}
  (Session info: chrome=70.0.3538.110)
  (Driver info: chromedriver=2.43.600210 (68dcf5eebde37173d4027fa8635e332711d2874a),platform=Windows NT 10.0.17134 x86_64) (WARNING: The server did not provide any stacktrace information)
Command duration or timeout: 0 milliseconds
For documentation on this error, please visit: http://seleniumhq.org/exceptions/no_such_element.html
Build info: version: '3.8.1', revision: '6e95a6684b', time: '2017-12-01T18:33:54.468Z'
System info: host: 'OYEHIA', ip: '222.222.100.238', os.name: 'Windows 10', os.arch: 'amd64', os.version: '10.0', java.version: '1.8.0_77'
Driver info: org.openqa.selenium.chrome.ChromeDriver
Capabilities {acceptInsecureCerts: false, acceptSslCerts: false, applicationCacheEnabled: false, browserConnectionEnabled: false, browserName: chrome, chrome: {chromedriverVersion: 2.43.600210 (68dcf5eebde371..., userDataDir: C:\Users\oyehia\AppData\Loc...}, cssSelectorsEnabled: true, databaseEnabled: false, goog:chromeOptions: {debuggerAddress: localhost:51924}, handlesAlerts: true, hasTouchScreen: false, javascriptEnabled: true, locationContextEnabled: true, mobileEmulationEnabled: false, nativeEvents: true, networkConnectionEnabled: false, pageLoadStrategy: normal, platform: XP, platformName: XP, rotatable: false, setWindowRect: true, takesHeapSnapshot: true, takesScreenshot: true, unexpectedAlertBehaviour: , unhandledPromptBehavior: , version: 70.0.3538.110, webStorageEnabled: true}
Session ID: aa0b22ac3022b8af97894e1a6504d46c
*** Element info: {Using=css selector, value=div.result}
	at Tests.UserRegisterTest.UserCanRegisterSuccessfully(UserRegisterTest.java:24)
</failure>
  </testcase>
  <testcase name="UserCanRegisterSuccessfully" classname="Tests.addProductReviewTest" time="126.462">
    <failure message="no such element: Unable to locate element: {&quot;method&quot;:&quot;css selector&quot;,&quot;selector&quot;:&quot;div.result&quot;}&#10;  (Session info: chrome=70.0.3538.110)&#10;  (Driver info: chromedriver=2.43.600210 (68dcf5eebde37173d4027fa8635e332711d2874a),platform=Windows NT 10.0.17134 x86_64) (WARNING: The server did not provide any stacktrace information)&#10;Command duration or timeout: 0 milliseconds&#10;For documentation on this error, please visit: http://seleniumhq.org/exceptions/no_such_element.html&#10;Build info: version: &apos;3.8.1&apos;, revision: &apos;6e95a6684b&apos;, time: &apos;2017-12-01T18:33:54.468Z&apos;&#10;System info: host: &apos;OYEHIA&apos;, ip: &apos;222.222.100.238&apos;, os.name: &apos;Windows 10&apos;, os.arch: &apos;amd64&apos;, os.version: &apos;10.0&apos;, java.version: &apos;1.8.0_77&apos;&#10;Driver info: org.openqa.selenium.chrome.ChromeDriver&#10;Capabilities {acceptInsecureCerts: false, acceptSslCerts: false, applicationCacheEnabled: false, browserConnectionEnabled: false, browserName: chrome, chrome: {chromedriverVersion: 2.43.600210 (68dcf5eebde371..., userDataDir: C:\Users\oyehia\AppData\Loc...}, cssSelectorsEnabled: true, databaseEnabled: false, goog:chromeOptions: {debuggerAddress: localhost:51924}, handlesAlerts: true, hasTouchScreen: false, javascriptEnabled: true, locationContextEnabled: true, mobileEmulationEnabled: false, nativeEvents: true, networkConnectionEnabled: false, pageLoadStrategy: normal, platform: XP, platformName: XP, rotatable: false, setWindowRect: true, takesHeapSnapshot: true, takesScreenshot: true, unexpectedAlertBehaviour: , unhandledPromptBehavior: , version: 70.0.3538.110, webStorageEnabled: true}&#10;Session ID: aa0b22ac3022b8af97894e1a6504d46c&#10;*** Element info: {Using=css selector, value=div.result}" type="org.openqa.selenium.NoSuchElementException">org.openqa.selenium.NoSuchElementException: 
no such element: Unable to locate element: {"method":"css selector","selector":"div.result"}
  (Session info: chrome=70.0.3538.110)
  (Driver info: chromedriver=2.43.600210 (68dcf5eebde37173d4027fa8635e332711d2874a),platform=Windows NT 10.0.17134 x86_64) (WARNING: The server did not provide any stacktrace information)
Command duration or timeout: 0 milliseconds
For documentation on this error, please visit: http://seleniumhq.org/exceptions/no_such_element.html
Build info: version: '3.8.1', revision: '6e95a6684b', time: '2017-12-01T18:33:54.468Z'
System info: host: 'OYEHIA', ip: '222.222.100.238', os.name: 'Windows 10', os.arch: 'amd64', os.version: '10.0', java.version: '1.8.0_77'
Driver info: org.openqa.selenium.chrome.ChromeDriver
Capabilities {acceptInsecureCerts: false, acceptSslCerts: false, applicationCacheEnabled: false, browserConnectionEnabled: false, browserName: chrome, chrome: {chromedriverVersion: 2.43.600210 (68dcf5eebde371..., userDataDir: C:\Users\oyehia\AppData\Loc...}, cssSelectorsEnabled: true, databaseEnabled: false, goog:chromeOptions: {debuggerAddress: localhost:51924}, handlesAlerts: true, hasTouchScreen: false, javascriptEnabled: true, locationContextEnabled: true, mobileEmulationEnabled: false, nativeEvents: true, networkConnectionEnabled: false, pageLoadStrategy: normal, platform: XP, platformName: XP, rotatable: false, setWindowRect: true, takesHeapSnapshot: true, takesScreenshot: true, unexpectedAlertBehaviour: , unhandledPromptBehavior: , version: 70.0.3538.110, webStorageEnabled: true}
Session ID: aa0b22ac3022b8af97894e1a6504d46c
*** Element info: {Using=css selector, value=div.result}
	at Tests.addProductReviewTest.UserCanRegisterSuccessfully(addProductReviewTest.java:33)
</failure>
    <system-out><![CDATA[Faied TestCase
Taking ScreenSgot .....
]]></system-out>
  </testcase>
  <testcase name="userCanSearchForProdct" classname="Tests.addProductToWishListTest" time="7.641"/>
  <testcase name="userCanCompareProduct" classname="Tests.addToCompareTest" time="23.168"/>
  <testcase name="UserCanRegisterSuccessfully" classname="Tests.emailFriendTest" time="82.524">
    <failure type="java.lang.NullPointerException">java.lang.NullPointerException
	at Tests.emailFriendTest.UserCanRegisterSuccessfully(emailFriendTest.java:30)
</failure>
  </testcase>
  <testcase name="ScreenShotOnFailure" classname="Tests.emailFriendTest" time="82.538">
    <failure message="no such window: target window already closed&#10;from unknown error: web view not found&#10;  (Session info: chrome=70.0.3538.110)&#10;  (Driver info: chromedriver=2.43.600210 (68dcf5eebde37173d4027fa8635e332711d2874a),platform=Windows NT 10.0.17134 x86_64) (WARNING: The server did not provide any stacktrace information)&#10;Command duration or timeout: 0 milliseconds&#10;Build info: version: &apos;3.8.1&apos;, revision: &apos;6e95a6684b&apos;, time: &apos;2017-12-01T18:33:54.468Z&apos;&#10;System info: host: &apos;OYEHIA&apos;, ip: &apos;222.222.100.238&apos;, os.name: &apos;Windows 10&apos;, os.arch: &apos;amd64&apos;, os.version: &apos;10.0&apos;, java.version: &apos;1.8.0_77&apos;&#10;Driver info: org.openqa.selenium.chrome.ChromeDriver&#10;Capabilities {acceptInsecureCerts: false, acceptSslCerts: false, applicationCacheEnabled: false, browserConnectionEnabled: false, browserName: chrome, chrome: {chromedriverVersion: 2.43.600210 (68dcf5eebde371..., userDataDir: C:\Users\oyehia\AppData\Loc...}, cssSelectorsEnabled: true, databaseEnabled: false, goog:chromeOptions: {debuggerAddress: localhost:51924}, handlesAlerts: true, hasTouchScreen: false, javascriptEnabled: true, locationContextEnabled: true, mobileEmulationEnabled: false, nativeEvents: true, networkConnectionEnabled: false, pageLoadStrategy: normal, platform: XP, platformName: XP, rotatable: false, setWindowRect: true, takesHeapSnapshot: true, takesScreenshot: true, unexpectedAlertBehaviour: , unhandledPromptBehavior: , version: 70.0.3538.110, webStorageEnabled: true}&#10;Session ID: aa0b22ac3022b8af97894e1a6504d46c" type="org.openqa.selenium.NoSuchWindowException">org.openqa.selenium.NoSuchWindowException: 
no such window: target window already closed
from unknown error: web view not found
  (Session info: chrome=70.0.3538.110)
  (Driver info: chromedriver=2.43.600210 (68dcf5eebde37173d4027fa8635e332711d2874a),platform=Windows NT 10.0.17134 x86_64) (WARNING: The server did not provide any stacktrace information)
Command duration or timeout: 0 milliseconds
Build info: version: '3.8.1', revision: '6e95a6684b', time: '2017-12-01T18:33:54.468Z'
System info: host: 'OYEHIA', ip: '222.222.100.238', os.name: 'Windows 10', os.arch: 'amd64', os.version: '10.0', java.version: '1.8.0_77'
Driver info: org.openqa.selenium.chrome.ChromeDriver
Capabilities {acceptInsecureCerts: false, acceptSslCerts: false, applicationCacheEnabled: false, browserConnectionEnabled: false, browserName: chrome, chrome: {chromedriverVersion: 2.43.600210 (68dcf5eebde371..., userDataDir: C:\Users\oyehia\AppData\Loc...}, cssSelectorsEnabled: true, databaseEnabled: false, goog:chromeOptions: {debuggerAddress: localhost:51924}, handlesAlerts: true, hasTouchScreen: false, javascriptEnabled: true, locationContextEnabled: true, mobileEmulationEnabled: false, nativeEvents: true, networkConnectionEnabled: false, pageLoadStrategy: normal, platform: XP, platformName: XP, rotatable: false, setWindowRect: true, takesHeapSnapshot: true, takesScreenshot: true, unexpectedAlertBehaviour: , unhandledPromptBehavior: , version: 70.0.3538.110, webStorageEnabled: true}
Session ID: aa0b22ac3022b8af97894e1a6504d46c
</failure>
    <system-out><![CDATA[Faied TestCase
Taking ScreenSgot .....
]]></system-out>
  </testcase>
  <testcase name="ScreenShotOnFailure" classname="Tests.emailFriendTest" time="0">
    <skipped/>
  </testcase>
  <testcase name="ScreenShotOnFailure" classname="Tests.emailFriendTest" time="0">
    <skipped/>
  </testcase>
  <testcase name="ScreenShotOnFailure" classname="Tests.emailFriendTest" time="0">
    <skipped/>
  </testcase>
  <testcase name="UserCanRegisterSuccessfully" classname="Tests.myAccountTest" time="0">
    <skipped/>
  </testcase>
  <testcase name="ScreenShotOnFailure" classname="Tests.myAccountTest" time="0">
    <skipped/>
  </testcase>
  <testcase name="ScreenShotOnFailure" classname="Tests.myAccountTest" time="0">
    <skipped/>
  </testcase>
  <testcase name="ScreenShotOnFailure" classname="Tests.myAccountTest" time="0">
    <skipped/>
  </testcase>
  <testcase name="ScreenShotOnFailure" classname="Tests.myAccountTest" time="0">
    <skipped/>
  </testcase>
  <testcase name="ScreenShotOnFailure" classname="Tests.myAccountTest" time="0">
    <skipped/>
  </testcase>
  <testcase name="UserCanRegisterSuccessfully" classname="Tests.registeredUserCheckoutTest" time="0">
    <skipped/>
  </testcase>
  <testcase name="ScreenShotOnFailure" classname="Tests.registeredUserCheckoutTest" time="0">
    <skipped/>
  </testcase>
  <testcase name="ScreenShotOnFailure" classname="Tests.registeredUserCheckoutTest" time="0">
    <skipped/>
  </testcase>
  <testcase name="ScreenShotOnFailure" classname="Tests.registeredUserCheckoutTest" time="0">
    <skipped/>
  </testcase>
  <testcase name="ScreenShotOnFailure" classname="Tests.registeredUserCheckoutTest" time="0">
    <skipped/>
  </testcase>
  <testcase name="ScreenShotOnFailure" classname="Tests.registeredUserCheckoutTest" time="0">
    <skipped/>
  </testcase>
  <testcase name="UserCanAddItemToShoppingCart" classname="Tests.AddProductToShoopingCart" time="0">
    <skipped/>
  </testcase>
  <testcase name="ScreenShotOnFailure" classname="Tests.AddProductToShoopingCart" time="0">
    <skipped/>
  </testcase>
  <testcase name="ScreenShotOnFailure" classname="Tests.AddProductToShoopingCart" time="0">
    <skipped/>
  </testcase>
  <testcase name="userCanSearchForProdct" classname="Tests.addProductReviewTest" time="0">
    <skipped/>
  </testcase>
  <testcase name="ScreenShotOnFailure" classname="Tests.addProductReviewTest" time="0">
    <skipped/>
  </testcase>
  <testcase name="ScreenShotOnFailure" classname="Tests.addProductReviewTest" time="0">
    <skipped/>
  </testcase>
  <testcase name="ScreenShotOnFailure" classname="Tests.addProductReviewTest" time="0">
    <skipped/>
  </testcase>
  <testcase name="userCanAddProductToWishList" classname="Tests.addProductToWishListTest" time="0">
    <skipped/>
  </testcase>
  <testcase name="ScreenShotOnFailure" classname="Tests.addProductToWishListTest" time="0">
    <skipped/>
  </testcase>
  <testcase name="ScreenShotOnFailure" classname="Tests.addProductToWishListTest" time="0">
    <skipped/>
  </testcase>
  <testcase name="userCanClearCompareList" classname="Tests.addToCompareTest" time="0">
    <skipped/>
  </testcase>
  <testcase name="ScreenShotOnFailure" classname="Tests.addToCompareTest" time="0">
    <skipped/>
  </testcase>
  <testcase name="userCanSearchForProdct" classname="Tests.emailFriendTest" time="0">
    <skipped/>
  </testcase>
  <testcase name="RegisterUserCanChnagePassword" classname="Tests.myAccountTest" time="0">
    <skipped/>
  </testcase>
  <testcase name="userCanSearchForProdct" classname="Tests.registeredUserCheckoutTest" time="0">
    <skipped/>
  </testcase>
  <testcase name="UserCanRemoveItemFromShoppingCard" classname="Tests.AddProductToShoopingCart" time="0">
    <skipped/>
  </testcase>
  <testcase name="userCanAddReviewSuccessfully" classname="Tests.addProductReviewTest" time="0">
    <skipped/>
  </testcase>
  <testcase name="userCanRemoveProductFromWishList" classname="Tests.addProductToWishListTest" time="0">
    <skipped/>
  </testcase>
  <testcase name="RegisterUserCanSendEmail" classname="Tests.emailFriendTest" time="0">
    <skipped/>
  </testcase>
  <testcase name="RegisterUserCanLogout" classname="Tests.myAccountTest" time="0">
    <skipped/>
  </testcase>
  <testcase name="UserCanAddItemToShoppingCart" classname="Tests.registeredUserCheckoutTest" time="0">
    <skipped/>
  </testcase>
  <testcase name="RegisterUserCanLogout" classname="Tests.addProductReviewTest" time="0">
    <skipped/>
  </testcase>
  <testcase name="RegisterUserCanLogout" classname="Tests.emailFriendTest" time="0">
    <skipped/>
  </testcase>
  <testcase name="RegisterCanLoIn" classname="Tests.myAccountTest" time="0">
    <skipped/>
  </testcase>
  <testcase name="userCanCheckProductCard" classname="Tests.registeredUserCheckoutTest" time="0">
    <skipped/>
  </testcase>
  <testcase name="UserLogout" classname="Tests.myAccountTest" time="0">
    <skipped/>
  </testcase>
  <testcase name="RegisterUserCanLogout" classname="Tests.registeredUserCheckoutTest" time="0">
    <skipped/>
  </testcase>
  <testcase name="RegisterUserCanLogout" classname="Tests.UserRegisterTest" time="0">
    <skipped message="Method UserRegisterTest.RegisterUserCanLogout()[pri:0, instance:Tests.UserRegisterTest@5a61f5df] depends on not successfully finished methods"/>
  </testcase>
  <testcase name="RegisterCanLoIn" classname="Tests.UserRegisterTest" time="0">
    <skipped message="Method UserRegisterTest.RegisterCanLoIn()[pri:0, instance:Tests.UserRegisterTest@5a61f5df] depends on not successfully finished methods"/>
  </testcase>
  <testcase name="closeDriver" classname="Tests.UserRegisterTest" time="0">
    <skipped/>
  </testcase>
</testsuite>